SpeechBrain system description
==============================
Python version:
3.8.10 (default, Jun 22 2022, 20:18:18) 
[GCC 9.4.0]
==============================
Installed Python packages:
absl-py==1.0.0
aiohttp==3.8.1
aiosignal==1.2.0
antlr4-python3-runtime==4.8
appdirs==1.4.4
apturl==0.5.2
argcomplete==1.12.0
asttokens==2.0.5
async-timeout==4.0.2
attrs==21.4.0
audioread==2.1.9
awscli==1.18.69
Babel==2.6.0
backcall==0.2.0
bcrypt==3.1.7
blinker==1.4
botocore==1.16.19
bottle==0.12.18
Brlapi==0.7.0
cached-property==1.5.1
cachetools==5.0.0
certifi==2020.12.5
cffi==1.14.5
chardet==3.0.4
charset-normalizer==2.0.12
chrome-gnome-shell==0.0.0
click==7.1.2
codalab==0.5.21
colorama==0.4.4
command-not-found==0.3
croniter==0.3.29
cryptography==2.8
cupshelpers==1.0
cycler==0.11.0
Cython==0.29.28
dataclasses==0.6
dbus-python==1.2.16
debugpy==1.5.1
decorator==4.4.2
defer==1.0.6
diffimg==0.2.3
distro==1.4.0
distro-info===0.23ubuntu1
docker==4.2.2
docker-compose==1.25.0
docker-pycreds==0.4.0
dockerpty==0.4.1
docopt==0.6.2
docutils==0.16
duplicity==0.8.12.0
entrypoints==0.4
executing==0.8.3
fairseq==0.10.2
fasteners==0.14.1
fastprogress==1.0.2
filelock==3.6.0
flatbuffers==2.0
fonttools==4.31.2
frozenlist==1.3.0
fsspec==2022.2.0
fusepy==2.0.4
future==0.18.2
geatpy==2.7.0
gitdb==4.0.9
GitPython==3.1.27
google-auth==2.6.2
google-auth-oauthlib==0.4.6
grpcio==1.45.0
grpcio-tools==1.45.0
gunicorn==20.0.4
httplib2==0.14.0
huggingface-hub==0.0.17
hydra-core==1.1.1
HyperPyYAML==1.0.0
idna==2.10
importlib-metadata==4.11.3
importlib-resources==5.4.0
ipykernel==6.9.2
ipython==8.1.1
itsdangerous==1.1.0
jedi==0.18.1
Jinja2==2.11.3
jmespath==0.9.4
joblib==1.0.1
jsonschema==3.2.0
jupyter-client==7.1.2
jupyter-core==4.9.2
keyring==18.0.1
kiwisolver==1.4.1
language-selector==0.1
launchpadlib==1.10.13
lazr.restfulclient==0.14.2
lazr.uri==1.0.3
librosa==0.8.0
llvmlite==0.35.0
lockfile==0.12.2
louis==3.12.0
macaroonbakery==1.3.1
Mako==1.2.0
Markdown==3.3.6
MarkupSafe==1.1.1
marshmallow==2.15.1
marshmallow-jsonapi==0.15.1
matplotlib==3.5.1
matplotlib-inline==0.1.3
monotonic==1.5
more-itertools==4.2.0
multidict==6.0.2
nest-asyncio==1.5.4
netifaces==0.10.4
numba==0.52.0
numpy==1.22.3
oauthlib==3.2.0
olefile==0.46
omegaconf==2.1.1
onnx==1.11.0
onnxruntime==1.11.0
packaging==20.9
pandas==1.2.2
paramiko==2.6.0
parso==0.8.3
pathtools==0.1.2
pexpect==4.8.0
pickleshare==0.7.5
Pillow==9.0.1
platformdirs==2.5.1
pooch==1.3.0
portalocker==2.4.0
promise==2.3
prompt-toolkit==3.0.28
protobuf==3.16.0
psutil==5.6.6
ptyprocess==0.7.0
pure-eval==0.2.2
pyasn1==0.4.8
pyasn1-modules==0.2.8
PyAudio==0.2.11
pycairo==1.16.2
pycparser==2.20
pycuda==2021.1
pycups==1.9.73
pyDeprecate==0.3.1
Pygments==2.11.2
PyGObject==3.36.0
PyJWT==1.7.1
pymacaroons==0.13.0
PyNaCl==1.3.0
pyparsing==2.4.7
PyQt5==5.12
PyQt5-sip==4.19.19
PyQtWebEngine==5.12
pyRFC3339==1.1
pyrsistent==0.15.5
python-apt==2.0.0+ubuntu0.20.4.7
python-dateutil==2.8.1
python-debian===0.1.36ubuntu1
python-xlib==0.23
pytools==2022.1.2
pytorch-lightning==1.5.10
pytorch-ranger==0.1.1
pytz==2021.1
pyxdg==0.26
PyYAML==5.3.1
pyzmq==22.3.0
regex==2022.3.15
reportlab==3.5.34
requests==2.24.0
requests-oauthlib==1.3.1
requests-unixsocket==0.2.0
resampy==0.2.2
roman==2.0.0
rsa==4.8
ruamel.yaml==0.17.21
ruamel.yaml.clib==0.2.6
s3transfer==0.3.3
sacrebleu==2.0.0
safeeyes==2.1.3
scikit-learn==0.24.1
scipy==1.6.1
screen-resolution-extra==0.0.0
SecretStorage==2.3.1
selenium==3.141.0
sentencepiece==0.1.96
sentry-sdk==1.5.8
setproctitle==1.2.2
shortuuid==1.0.8
simplejson==3.16.0
six==1.15.0
sklearn==0.0
smmap==5.0.0
SoundFile==0.10.3.post1
speechbrain==0.5.11
SQLAlchemy==1.3.18
ssh-import-id==5.10
stack-data==0.2.0
systemd-python==234
tabulate==0.8.9
tensorboard==2.8.0
tensorboard-data-server==0.6.1
tensorboard-plugin-wit==1.8.1
termcolor==1.1.0
texttable==1.6.2
thop==0.0.31.post2005241907
threadpoolctl==2.1.0
torch==1.8.0+cu111
torch-optimizer==0.3.0
torchaudio==0.8.0
torchmetrics==0.7.3
torchvision==0.9.0+cu111
tornado==6.1
tqdm==4.58.0
traitlets==5.1.1
typing-extensions==3.7.4.3
ubuntu-advantage-tools==27.8
ubuntu-drivers-common==0.0.0
ufw==0.36
unattended-upgrades==0.1
urllib3==1.25.11
usb-creator==0.3.7
wadllib==1.3.3
wandb==0.12.11
watchdog==0.10.3
wavencoder==0.1.3
wcwidth==0.2.5
webrtcvad==2.0.10
websocket-client==0.57.0
Werkzeug==1.0.1
xkit==0.0.0
yarl==1.7.2
yaspin==2.1.0
zipp==3.7.0
==============================
Could not get git revision==============================
Cuda version:
11.1